0 info it worked if it ends with ok
1 verbose cli [ '/usr/bin/node', '/usr/bin/npm', 'install', 'pm2@latest', '-g' ]
2 info using npm@3.5.2
3 info using node@v8.10.0
4 silly loadCurrentTree Starting
5 silly install loadCurrentTree
6 silly install readGlobalPackageData
7 silly fetchPackageMetaData pm2@latest
8 silly fetchNamedPackageData pm2
9 silly mapToRegistry name pm2
10 silly mapToRegistry using default registry
11 silly mapToRegistry registry https://registry.npmjs.org/
12 silly mapToRegistry uri https://registry.npmjs.org/pm2
13 verbose request uri https://registry.npmjs.org/pm2
14 verbose request no auth needed
15 info attempt registry request try #1 at 1:02:15 AM
16 verbose request id d822f2f6272e1428
17 http request GET https://registry.npmjs.org/pm2
18 info retry will retry, error on last attempt: Error: getaddrinfo EAI_AGAIN registry.npmjs.org:443
19 info attempt registry request try #2 at 1:02:25 AM
20 http request GET https://registry.npmjs.org/pm2
21 info retry will retry, error on last attempt: Error: getaddrinfo EAI_AGAIN registry.npmjs.org:443
22 info attempt registry request try #3 at 1:03:25 AM
23 http request GET https://registry.npmjs.org/pm2
24 silly fetchPackageMetaData Error: getaddrinfo EAI_AGAIN registry.npmjs.org:443
24 silly fetchPackageMetaData     at Object._errnoException (util.js:1022:11)
24 silly fetchPackageMetaData     at errnoException (dns.js:55:15)
24 silly fetchPackageMetaData     at GetAddrInfoReqWrap.onlookup [as oncomplete] (dns.js:92:26)
24 silly fetchPackageMetaData  error for pm2@latest { Error: getaddrinfo EAI_AGAIN registry.npmjs.org:443
24 silly fetchPackageMetaData     at Object._errnoException (util.js:1022:11)
24 silly fetchPackageMetaData     at errnoException (dns.js:55:15)
24 silly fetchPackageMetaData     at GetAddrInfoReqWrap.onlookup [as oncomplete] (dns.js:92:26)
24 silly fetchPackageMetaData   code: 'EAI_AGAIN',
24 silly fetchPackageMetaData   errno: 'EAI_AGAIN',
24 silly fetchPackageMetaData   syscall: 'getaddrinfo',
24 silly fetchPackageMetaData   hostname: 'registry.npmjs.org',
24 silly fetchPackageMetaData   host: 'registry.npmjs.org',
24 silly fetchPackageMetaData   port: 443 }
25 silly rollbackFailedOptional Starting
26 silly rollbackFailedOptional Finishing
27 silly runTopLevelLifecycles Starting
28 silly runTopLevelLifecycles Finishing
29 silly install printInstalled
30 verbose stack Error: getaddrinfo EAI_AGAIN registry.npmjs.org:443
30 verbose stack     at Object._errnoException (util.js:1022:11)
30 verbose stack     at errnoException (dns.js:55:15)
30 verbose stack     at GetAddrInfoReqWrap.onlookup [as oncomplete] (dns.js:92:26)
31 verbose cwd /mnt/c/Users/이혜찬/Desktop/Express Node.js/myapp
32 error Linux 4.4.0-18362-Microsoft
33 error argv "/usr/bin/node" "/usr/bin/npm" "install" "pm2@latest" "-g"
34 error node v8.10.0
35 error npm  v3.5.2
36 error code EAI_AGAIN
37 error errno EAI_AGAIN
38 error syscall getaddrinfo
39 error getaddrinfo EAI_AGAIN registry.npmjs.org:443
40 error If you need help, you may report this error at:
40 error     <https://github.com/npm/npm/issues>
41 verbose exit [ 1, true ]
